<?xml version="1.0" encoding="UTF-8"?>
<!-- Generated by org.testng.reporters.JUnitXMLReporter -->
<testsuite hostname="DESKTOP-V3R7F1F" ignored="0" name="Free CRM Test App" tests="10" failures="0" timestamp="17 Jun 2024 06:10:32 GMT" time="304.15" errors="0">
  <testcase name="crmTitleTest" time="0.082" classname="com.crm.qa.testcases.LoginPageTest"/>
  <testcase name="validateHomePageTitleTest" time="2.156" classname="com.crm.qa.testcases.HomePageTest"/>
  <testcase name="verifyContactsPageLabelTest" time="1.133" classname="com.crm.qa.testcases.ContactsPageTest"/>
  <testcase name="crmLogoTest" time="10.287" classname="com.crm.qa.testcases.LoginPageTest"/>
  <testcase name="validateUserNamePresent" time="2.209" classname="com.crm.qa.testcases.HomePageTest"/>
  <testcase name="selectSingleContactsTest" time="0.045" classname="com.crm.qa.testcases.ContactsPageTest"/>
  <testcase name="validateLoginSuccessful" time="12.135" classname="com.crm.qa.testcases.LoginPageTest"/>
  <testcase name="validateContacts" time="4.687" classname="com.crm.qa.testcases.HomePageTest"/>
  <testcase name="selectMultipleContactsTest" time="0.099" classname="com.crm.qa.testcases.ContactsPageTest"/>
  <testcase name="validateDeals" time="3.145" classname="com.crm.qa.testcases.HomePageTest"/>
</testsuite> <!-- Free CRM Test App -->
