<?xml version="1.0" encoding="UTF-8"?>
<testng-results skipped="0" failed="0" ignored="3" total="4" passed="1">
  <reporter-output>
  </reporter-output>
  <suite name="Default suite" duration-ms="54584" started-at="2024-06-17T07:24:51Z" finished-at="2024-06-17T07:25:46Z">
    <groups>
    </groups>
    <test name="Default test" duration-ms="54584" started-at="2024-06-17T07:24:51Z" finished-at="2024-06-17T07:25:46Z">
      <class name="com.crm.qa.testcases.ContactsPageTest">
        <test-method status="PASS" signature="setUp()[pri:0, instance:com.crm.qa.testcases.ContactsPageTest@46d56d67]" name="setUp" is-config="true" duration-ms="33411" started-at="2024-06-17T12:54:51Z" finished-at="2024-06-17T12:55:25Z">
          <reporter-output>
          </reporter-output>
        </test-method> <!-- setUp -->
        <test-method status="PASS" signature="validateNewContact()[pri:0, instance:com.crm.qa.testcases.ContactsPageTest@46d56d67]" name="validateNewContact" duration-ms="20225" started-at="2024-06-17T12:55:25Z" finished-at="2024-06-17T12:55:45Z">
          <reporter-output>
          </reporter-output>
        </test-method> <!-- validateNewContact -->
        <test-method status="PASS" signature="tearDown()[pri:0, instance:com.crm.qa.testcases.ContactsPageTest@46d56d67]" name="tearDown" is-config="true" duration-ms="899" started-at="2024-06-17T12:55:45Z" finished-at="2024-06-17T12:55:46Z">
          <reporter-output>
          </reporter-output>
        </test-method> <!-- tearDown -->
      </class> <!-- com.crm.qa.testcases.ContactsPageTest -->
    </test> <!-- Default test -->
  </suite> <!-- Default suite -->
</testng-results>
